<?xml version="1.0" encoding="UTF-8"?>
<!-- Generated by org.testng.reporters.JUnitXMLReporter -->
<testsuite hostname="BEYZA-AYDIN" ignored="0" name="Default test" tests="3" failures="0" timestamp="03 Oct 2021 19:29:36 GMT" time="9.632" errors="0">
  <testcase name="mainPageSearch" time="9.592" classname="testCases.nameofTC1"/>
  <testcase name="openSearchResultPageAndCheck" time="0.001" classname="testCases.nameofTC1"/>
  <testcase name="reporterTest3" time="0.002" classname="testCases.nameofTC1"/>
</testsuite> <!-- Default test -->
